2026-01-04 21:50:55 | [32mINFO[0m | [94m__main__[0m | main:171 | Loaded 17697 training laps from 20 races
2026-01-04 21:50:55 | [32mINFO[0m | [94mml.models.tire_degradation_lstm[0m | __init__:110 | Using device: cpu
2026-01-04 21:50:55 | [32mINFO[0m | [94m__main__[0m | main:186 | Starting training on multi-race dataset...
2026-01-04 21:50:55 | [32mINFO[0m | [94mml.models.tire_degradation_lstm[0m | train:311 | Preparing training data with separate feature/target scaling...
2026-01-04 21:50:55 | [32mINFO[0m | [94mml.models.tire_degradation_lstm[0m | prepare_training_data:142 |   2023_Abu_Dhabi: 869/910 laps kept (mean: 90.2s)
2026-01-04 21:50:55 | [32mINFO[0m | [94mml.models.tire_degradation_lstm[0m | prepare_training_data:142 |   2023_Austria: 957/1065 laps kept (mean: 70.6s)
2026-01-04 21:50:55 | [32mINFO[0m | [94mml.models.tire_degradation_lstm[0m | prepare_training_data:142 |   2023_Bahrain: 758/828 laps kept (mean: 98.7s)
2026-01-04 21:50:55 | [32mINFO[0m | [94mml.models.tire_degradation_lstm[0m | prepare_training_data:142 |   2023_Belgium: 600/637 laps kept (mean: 113.5s)
2026-01-04 21:50:55 | [32mINFO[0m | [94mml.models.tire_degradation_lstm[0m | prepare_training_data:142 |   2023_Britain: 651/757 laps kept (mean: 93.0s)
2026-01-04 21:50:55 | [32mINFO[0m | [94mml.models.tire_degradation_lstm[0m | prepare_training_data:142 |   2023_Hungary: 942/986 laps kept (mean: 84.7s)
2026-01-04 21:50:55 | [32mINFO[0m | [94mml.models.tire_degradation_lstm[0m | prepare_training_data:142 |   2023_Monaco: 767/833 laps kept (mean: 78.6s)
2026-01-04 21:50:55 | [32mINFO[0m | [94mml.models.tire_degradation_lstm[0m | prepare_training_data:142 |   2023_Saudi_Arabia: 667/723 laps kept (mean: 95.1s)
2026-01-04 21:50:55 | [32mINFO[0m | [94mml.models.tire_degradation_lstm[0m | prepare_training_data:142 |   2023_Spain: 971/1033 laps kept (mean: 80.2s)
2026-01-04 21:50:55 | [32mINFO[0m | [94mml.models.tire_degradation_lstm[0m | prepare_training_data:142 |   2024_Abu_Dhabi: 745/811 laps kept (mean: 89.5s)
2026-01-04 21:50:55 | [32mINFO[0m | [94mml.models.tire_degradation_lstm[0m | prepare_training_data:142 |   2024_Australia: 692/781 laps kept (mean: 82.5s)
2026-01-04 21:50:55 | [32mINFO[0m | [94mml.models.tire_degradation_lstm[0m | prepare_training_data:142 |   2024_Austria: 1004/1108 laps kept (mean: 71.1s)
2026-01-04 21:50:55 | [32mINFO[0m | [94mml.models.tire_degradation_lstm[0m | prepare_training_data:142 |   2024_Bahrain: 836/886 laps kept (mean: 97.0s)
2026-01-04 21:50:55 | [32mINFO[0m | [94mml.models.tire_degradation_lstm[0m | prepare_training_data:142 |   2024_Britain: 508/573 laps kept (mean: 92.3s)
2026-01-04 21:50:55 | [32mINFO[0m | [94mml.models.tire_degradation_lstm[0m | prepare_training_data:142 |   2024_China: 623/790 laps kept (mean: 101.6s)
2026-01-04 21:50:55 | [32mINFO[0m | [94mml.models.tire_degradation_lstm[0m | prepare_training_data:142 |   2024_Hungary: 1027/1068 laps kept (mean: 84.5s)
2026-01-04 21:50:55 | [32mINFO[0m | [94mml.models.tire_degradation_lstm[0m | prepare_training_data:142 |   2024_Japan: 649/686 laps kept (mean: 97.6s)
2026-01-04 21:50:55 | [32mINFO[0m | [94mml.models.tire_degradation_lstm[0m | prepare_training_data:142 |   2024_Monaco: 941/968 laps kept (mean: 79.4s)
2026-01-04 21:50:55 | [32mINFO[0m | [94mml.models.tire_degradation_lstm[0m | prepare_training_data:142 |   2024_Saudi_Arabia: 650/682 laps kept (mean: 94.4s)
2026-01-04 21:50:55 | [32mINFO[0m | [94mml.models.tire_degradation_lstm[0m | prepare_training_data:142 |   2024_Spain: 967/1032 laps kept (mean: 80.6s)
2026-01-04 21:50:55 | [32mINFO[0m | [94mml.models.tire_degradation_lstm[0m | prepare_training_data:146 | Filtered to 15824 laps (removed 1333 outliers using IQR method)
2026-01-04 21:50:55 | [32mINFO[0m | [94mml.models.tire_degradation_lstm[0m | prepare_training_data:175 | Training on 20 unique tracks: ['2023_Abu_Dhabi', '2023_Austria', '2023_Bahrain', '2023_Belgium', '2023_Britain', '2023_Hungary', '2023_Monaco', '2023_Saudi_Arabia', '2023_Spain', '2024_Abu_Dhabi', '2024_Australia', '2024_Austria', '2024_Bahrain', '2024_Britain', '2024_China', '2024_Hungary', '2024_Japan', '2024_Monaco', '2024_Saudi_Arabia', '2024_Spain']
2026-01-04 21:50:56 | [32mINFO[0m | [94mml.models.tire_degradation_lstm[0m | train:314 | Created 6610 sequences of length 10
2026-01-04 21:50:57 | [32mINFO[0m | [94mml.models.tire_degradation_lstm[0m | train:339 | Starting training...
2026-01-04 21:50:59 | [32mINFO[0m | [94mml.models.tire_degradation_lstm[0m | save_model:436 | Model saved to D:\Programming\portfolio_projects\ai-race-engineer\ml\saved_models\tire_degradation_lstm.pth
2026-01-04 21:50:59 | [32mINFO[0m | [94mml.models.tire_degradation_lstm[0m | train:382 | Epoch 1: New best model saved (val_loss: 0.0151)
2026-01-04 21:51:05 | [32mINFO[0m | [94mml.models.tire_degradation_lstm[0m | save_model:436 | Model saved to D:\Programming\portfolio_projects\ai-race-engineer\ml\saved_models\tire_degradation_lstm.pth
2026-01-04 21:51:05 | [32mINFO[0m | [94mml.models.tire_degradation_lstm[0m | train:382 | Epoch 2: New best model saved (val_loss: 0.0094)
2026-01-04 21:51:10 | [32mINFO[0m | [94mml.models.tire_degradation_lstm[0m | save_model:436 | Model saved to D:\Programming\portfolio_projects\ai-race-engineer\ml\saved_models\tire_degradation_lstm.pth
2026-01-04 21:51:10 | [32mINFO[0m | [94mml.models.tire_degradation_lstm[0m | train:382 | Epoch 3: New best model saved (val_loss: 0.0087)
2026-01-04 21:51:16 | [32mINFO[0m | [94mml.models.tire_degradation_lstm[0m | save_model:436 | Model saved to D:\Programming\portfolio_projects\ai-race-engineer\ml\saved_models\tire_degradation_lstm.pth
2026-01-04 21:51:16 | [32mINFO[0m | [94mml.models.tire_degradation_lstm[0m | train:382 | Epoch 4: New best model saved (val_loss: 0.0082)
2026-01-04 21:51:26 | [32mINFO[0m | [94mml.models.tire_degradation_lstm[0m | train:385 | Epoch 10/100 - Train Loss: 0.0250, Val Loss: 0.0099
2026-01-04 21:51:27 | [32mINFO[0m | [94mml.models.tire_degradation_lstm[0m | save_model:436 | Model saved to D:\Programming\portfolio_projects\ai-race-engineer\ml\saved_models\tire_degradation_lstm.pth
2026-01-04 21:51:27 | [32mINFO[0m | [94mml.models.tire_degradation_lstm[0m | train:382 | Epoch 11: New best model saved (val_loss: 0.0081)
2026-01-04 21:51:30 | [32mINFO[0m | [94mml.models.tire_degradation_lstm[0m | save_model:436 | Model saved to D:\Programming\portfolio_projects\ai-race-engineer\ml\saved_models\tire_degradation_lstm.pth
2026-01-04 21:51:30 | [32mINFO[0m | [94mml.models.tire_degradation_lstm[0m | train:382 | Epoch 12: New best model saved (val_loss: 0.0079)
2026-01-04 21:51:42 | [32mINFO[0m | [94mml.models.tire_degradation_lstm[0m | save_model:436 | Model saved to D:\Programming\portfolio_projects\ai-race-engineer\ml\saved_models\tire_degradation_lstm.pth
2026-01-04 21:51:42 | [32mINFO[0m | [94mml.models.tire_degradation_lstm[0m | train:382 | Epoch 19: New best model saved (val_loss: 0.0076)
2026-01-04 21:51:44 | [32mINFO[0m | [94mml.models.tire_degradation_lstm[0m | train:385 | Epoch 20/100 - Train Loss: 0.0236, Val Loss: 0.0080
2026-01-04 21:51:45 | [32mINFO[0m | [94mml.models.tire_degradation_lstm[0m | save_model:436 | Model saved to D:\Programming\portfolio_projects\ai-race-engineer\ml\saved_models\tire_degradation_lstm.pth
2026-01-04 21:51:45 | [32mINFO[0m | [94mml.models.tire_degradation_lstm[0m | train:382 | Epoch 21: New best model saved (val_loss: 0.0076)
2026-01-04 21:51:53 | [32mINFO[0m | [94mml.models.tire_degradation_lstm[0m | save_model:436 | Model saved to D:\Programming\portfolio_projects\ai-race-engineer\ml\saved_models\tire_degradation_lstm.pth
2026-01-04 21:51:53 | [32mINFO[0m | [94mml.models.tire_degradation_lstm[0m | train:382 | Epoch 27: New best model saved (val_loss: 0.0075)
2026-01-04 21:51:57 | [32mINFO[0m | [94mml.models.tire_degradation_lstm[0m | train:385 | Epoch 30/100 - Train Loss: 0.0236, Val Loss: 0.0075
2026-01-04 21:52:06 | [32mINFO[0m | [94mml.models.tire_degradation_lstm[0m | save_model:436 | Model saved to D:\Programming\portfolio_projects\ai-race-engineer\ml\saved_models\tire_degradation_lstm.pth
2026-01-04 21:52:06 | [32mINFO[0m | [94mml.models.tire_degradation_lstm[0m | train:382 | Epoch 36: New best model saved (val_loss: 0.0075)
2026-01-04 21:52:11 | [32mINFO[0m | [94mml.models.tire_degradation_lstm[0m | train:385 | Epoch 40/100 - Train Loss: 0.0219, Val Loss: 0.0086
2026-01-04 21:52:25 | [32mINFO[0m | [94mml.models.tire_degradation_lstm[0m | train:385 | Epoch 50/100 - Train Loss: 0.0229, Val Loss: 0.0078
2026-01-04 21:52:40 | [32mINFO[0m | [94mml.models.tire_degradation_lstm[0m | train:385 | Epoch 60/100 - Train Loss: 0.0226, Val Loss: 0.0076
2026-01-04 21:52:56 | [32mINFO[0m | [94mml.models.tire_degradation_lstm[0m | train:385 | Epoch 70/100 - Train Loss: 0.0221, Val Loss: 0.0077
2026-01-04 21:53:11 | [32mINFO[0m | [94mml.models.tire_degradation_lstm[0m | train:385 | Epoch 80/100 - Train Loss: 0.0224, Val Loss: 0.0076
2026-01-04 21:53:24 | [32mINFO[0m | [94mml.models.tire_degradation_lstm[0m | train:385 | Epoch 90/100 - Train Loss: 0.0223, Val Loss: 0.0076
2026-01-04 21:53:37 | [32mINFO[0m | [94mml.models.tire_degradation_lstm[0m | train:385 | Epoch 100/100 - Train Loss: 0.0236, Val Loss: 0.0076
2026-01-04 21:53:37 | [32mINFO[0m | [94mml.models.tire_degradation_lstm[0m | train:387 | Training complete! Best validation loss: 0.0075
2026-01-04 21:53:37 | [32mINFO[0m | [94m__main__[0m | evaluate_model:26 | Evaluating model on test set...
2026-01-04 21:53:37 | [32mINFO[0m | [94m__main__[0m | evaluate_model:29 | Loaded 4425 test laps
2026-01-04 21:53:37 | [32mINFO[0m | [94mml.models.tire_degradation_lstm[0m | prepare_test_data:216 | Test data: 3909 laps (removed 380 outliers)
2026-01-04 21:53:37 | [32mINFO[0m | [94mml.models.tire_degradation_lstm[0m | prepare_test_data:243 | Test tracks: ['2023_Britain', '2024_Hungary', '2024_Abu_Dhabi', '2024_China', '2024_Bahrain', '2024_Britain', '2023_Monaco', '2023_Austria', '2023_Abu_Dhabi', '2023_Saudi_Arabia', '2023_Spain', '2024_Monaco', '2024_Austria', '2024_Australia', '2023_Bahrain', '2023_Hungary', '2024_Japan', '2024_Saudi_Arabia', '2024_Spain']
2026-01-04 21:53:37 | [32mINFO[0m | [94m__main__[0m | evaluate_model:38 | Created 94 test sequences
2026-01-04 21:53:37 | [32mINFO[0m | [94m__main__[0m | evaluate_model:71 | 
================================================================================
2026-01-04 21:53:37 | [32mINFO[0m | [94m__main__[0m | evaluate_model:72 | TEST SET EVALUATION
2026-01-04 21:53:37 | [32mINFO[0m | [94m__main__[0m | evaluate_model:73 | ================================================================================
2026-01-04 21:53:37 | [32mINFO[0m | [94m__main__[0m | evaluate_model:74 | Mean Absolute Error (MAE): 1.2823 seconds
2026-01-04 21:53:37 | [32mINFO[0m | [94m__main__[0m | evaluate_model:75 | Root Mean Squared Error (RMSE): 2.4774 seconds
2026-01-04 21:53:37 | [32mINFO[0m | [94m__main__[0m | evaluate_model:76 | R² Score: 0.6949
2026-01-04 21:53:37 | [32mINFO[0m | [94m__main__[0m | evaluate_model:77 | Median Error: 0.9578 seconds
2026-01-04 21:53:37 | [32mINFO[0m | [94m__main__[0m | evaluate_model:78 | 90th Percentile Error: 2.3707 seconds
2026-01-04 21:53:37 | [32mINFO[0m | [94m__main__[0m | evaluate_model:79 | ================================================================================
2026-01-04 21:53:37 | [32mINFO[0m | [94m__main__[0m | main:200 | 
Generating prediction analysis plots...
2026-01-04 21:53:37 | [32mINFO[0m | [94mml.models.tire_degradation_lstm[0m | prepare_test_data:216 | Test data: 3909 laps (removed 0 outliers)
2026-01-04 21:53:37 | [32mINFO[0m | [94mml.models.tire_degradation_lstm[0m | prepare_test_data:243 | Test tracks: ['2023_Britain', '2024_Hungary', '2024_Abu_Dhabi', '2024_China', '2024_Bahrain', '2024_Britain', '2023_Monaco', '2023_Austria', '2023_Abu_Dhabi', '2023_Saudi_Arabia', '2023_Spain', '2024_Monaco', '2024_Austria', '2024_Australia', '2023_Bahrain', '2023_Hungary', '2024_Japan', '2024_Saudi_Arabia', '2024_Spain']
2026-01-04 21:54:03 | [32mINFO[0m | [94m__main__[0m | plot_predictions:145 | Prediction analysis saved to: D:\Programming\portfolio_projects\ai-race-engineer\ml\saved_models\prediction_analysis.png
2026-01-04 21:54:04 | [32mINFO[0m | [94m__main__[0m | main:216 | Training history saved to: D:\Programming\portfolio_projects\ai-race-engineer\ml\saved_models\multi_race_training_history.png
2026-01-04 21:55:09 | [32mINFO[0m | [94m__main__[0m | main:27 | Loading features from D:\Programming\portfolio_projects\ai-race-engineer\ml\datasets\pit_window_features.csv
2026-01-04 21:55:09 | [32mINFO[0m | [94m__main__[0m | main:30 | Loaded 14072 samples
2026-01-04 21:55:09 | [32mINFO[0m | [94m__main__[0m | main:31 | Features shape: (14072, 12)
2026-01-04 21:55:09 | [32mINFO[0m | [94mml.models.pit_window_classifier[0m | train:57 | ================================================================================
2026-01-04 21:55:09 | [32mINFO[0m | [94mml.models.pit_window_classifier[0m | train:58 | TRAINING XGBOOST PIT WINDOW CLASSIFIER
2026-01-04 21:55:09 | [32mINFO[0m | [94mml.models.pit_window_classifier[0m | train:59 | ================================================================================
2026-01-04 21:55:09 | [32mINFO[0m | [94mml.models.pit_window_classifier[0m | train:82 | 
Dataset Split:
2026-01-04 21:55:09 | [32mINFO[0m | [94mml.models.pit_window_classifier[0m | train:83 |   Training set: 11257 samples
2026-01-04 21:55:09 | [32mINFO[0m | [94mml.models.pit_window_classifier[0m | train:84 |   Test set: 2815 samples
2026-01-04 21:55:09 | [32mINFO[0m | [94mml.models.pit_window_classifier[0m | train:85 | 
Training class distribution:
2026-01-04 21:55:09 | [32mINFO[0m | [94mml.models.pit_window_classifier[0m | train:86 |   Stay out (0): 9057 samples
2026-01-04 21:55:09 | [32mINFO[0m | [94mml.models.pit_window_classifier[0m | train:87 |   Pit (1): 2200 samples
2026-01-04 21:55:09 | [32mINFO[0m | [94mml.models.pit_window_classifier[0m | train:91 | 
Class imbalance ratio: 4.12
2026-01-04 21:55:09 | [32mINFO[0m | [94mml.models.pit_window_classifier[0m | train:94 | 
Training XGBoost model...
2026-01-04 21:55:09 | [32mINFO[0m | [94mml.models.pit_window_classifier[0m | train:118 | 
================================================================================
2026-01-04 21:55:09 | [32mINFO[0m | [94mml.models.pit_window_classifier[0m | train:119 | MODEL PERFORMANCE
2026-01-04 21:55:09 | [32mINFO[0m | [94mml.models.pit_window_classifier[0m | train:120 | ================================================================================
2026-01-04 21:55:09 | [32mINFO[0m | [94mml.models.pit_window_classifier[0m | train:121 | 
              precision    recall  f1-score   support

    Stay Out     0.9542    0.9011    0.9269      2265
     Pit Now     0.6686    0.8218    0.7374       550

    accuracy                         0.8856      2815
   macro avg     0.8114    0.8615    0.8321      2815
weighted avg     0.8984    0.8856    0.8899      2815

2026-01-04 21:55:09 | [32mINFO[0m | [94mml.models.pit_window_classifier[0m | train:128 | ROC-AUC Score: 0.9412
2026-01-04 21:55:09 | [32mINFO[0m | [94mml.models.pit_window_classifier[0m | train:133 | PR-AUC Score: 0.8034
2026-01-04 21:55:09 | [32mINFO[0m | [94mml.models.pit_window_classifier[0m | train:135 | 
Confusion Matrix:
2026-01-04 21:55:09 | [32mINFO[0m | [94mml.models.pit_window_classifier[0m | train:137 |                 Predicted
2026-01-04 21:55:09 | [32mINFO[0m | [94mml.models.pit_window_classifier[0m | train:138 |               Stay  Pit
2026-01-04 21:55:09 | [32mINFO[0m | [94mml.models.pit_window_classifier[0m | train:139 | Actual Stay  [ 2041  224]
2026-01-04 21:55:09 | [32mINFO[0m | [94mml.models.pit_window_classifier[0m | train:140 |        Pit   [   98  452]
2026-01-04 21:55:09 | [32mINFO[0m | [94mml.models.pit_window_classifier[0m | train:148 | 
Feature Importance:
2026-01-04 21:55:09 | [32mINFO[0m | [94mml.models.pit_window_classifier[0m | train:150 |   tire_age            : 0.1735
2026-01-04 21:55:09 | [32mINFO[0m | [94mml.models.pit_window_classifier[0m | train:150 |   race_progress       : 0.1528
2026-01-04 21:55:09 | [32mINFO[0m | [94mml.models.pit_window_classifier[0m | train:150 |   tire_compound_encoded: 0.1526
2026-01-04 21:55:09 | [32mINFO[0m | [94mml.models.pit_window_classifier[0m | train:150 |   air_temp            : 0.1199
2026-01-04 21:55:09 | [32mINFO[0m | [94mml.models.pit_window_classifier[0m | train:150 |   track_temp          : 0.1114
2026-01-04 21:55:09 | [32mINFO[0m | [94mml.models.pit_window_classifier[0m | train:150 |   lap_number          : 0.0920
2026-01-04 21:55:09 | [32mINFO[0m | [94mml.models.pit_window_classifier[0m | train:150 |   lap_time            : 0.0828
2026-01-04 21:55:09 | [32mINFO[0m | [94mml.models.pit_window_classifier[0m | train:150 |   position            : 0.0665
2026-01-04 21:55:09 | [32mINFO[0m | [94mml.models.pit_window_classifier[0m | train:150 |   degradation_rate    : 0.0485
2026-01-04 21:55:09 | [32mINFO[0m | [94mml.models.pit_window_classifier[0m | save_model:244 | 
Model saved to D:\Programming\portfolio_projects\ai-race-engineer\ml\saved_models\pit_window_xgb.pkl
2026-01-04 21:55:09 | [32mINFO[0m | [94mml.models.pit_window_classifier[0m | save_model:245 | Encoder saved to D:\Programming\portfolio_projects\ai-race-engineer\ml\saved_models\pit_window_encoder.pkl
2026-01-04 22:19:15 | [32mINFO[0m | [94m__main__[0m | main:171 | Loaded 17697 training laps from 20 races
2026-01-04 22:19:15 | [32mINFO[0m | [94mml.models.tire_degradation_lstm[0m | __init__:110 | Using device: cpu
2026-01-04 22:19:15 | [32mINFO[0m | [94m__main__[0m | main:186 | Starting training on multi-race dataset...
2026-01-04 22:19:15 | [32mINFO[0m | [94mml.models.tire_degradation_lstm[0m | train:311 | Preparing training data with separate feature/target scaling...
2026-01-04 22:19:15 | [32mINFO[0m | [94mml.models.tire_degradation_lstm[0m | prepare_training_data:142 |   2023_Abu_Dhabi: 869/910 laps kept (mean: 90.2s)
2026-01-04 22:19:15 | [32mINFO[0m | [94mml.models.tire_degradation_lstm[0m | prepare_training_data:142 |   2023_Austria: 957/1065 laps kept (mean: 70.6s)
2026-01-04 22:19:15 | [32mINFO[0m | [94mml.models.tire_degradation_lstm[0m | prepare_training_data:142 |   2023_Bahrain: 758/828 laps kept (mean: 98.7s)
2026-01-04 22:19:15 | [32mINFO[0m | [94mml.models.tire_degradation_lstm[0m | prepare_training_data:142 |   2023_Belgium: 600/637 laps kept (mean: 113.5s)
2026-01-04 22:19:15 | [32mINFO[0m | [94mml.models.tire_degradation_lstm[0m | prepare_training_data:142 |   2023_Britain: 651/757 laps kept (mean: 93.0s)
2026-01-04 22:19:15 | [32mINFO[0m | [94mml.models.tire_degradation_lstm[0m | prepare_training_data:142 |   2023_Hungary: 942/986 laps kept (mean: 84.7s)
2026-01-04 22:19:15 | [32mINFO[0m | [94mml.models.tire_degradation_lstm[0m | prepare_training_data:142 |   2023_Monaco: 767/833 laps kept (mean: 78.6s)
2026-01-04 22:19:15 | [32mINFO[0m | [94mml.models.tire_degradation_lstm[0m | prepare_training_data:142 |   2023_Saudi_Arabia: 667/723 laps kept (mean: 95.1s)
2026-01-04 22:19:15 | [32mINFO[0m | [94mml.models.tire_degradation_lstm[0m | prepare_training_data:142 |   2023_Spain: 971/1033 laps kept (mean: 80.2s)
2026-01-04 22:19:15 | [32mINFO[0m | [94mml.models.tire_degradation_lstm[0m | prepare_training_data:142 |   2024_Abu_Dhabi: 745/811 laps kept (mean: 89.5s)
2026-01-04 22:19:15 | [32mINFO[0m | [94mml.models.tire_degradation_lstm[0m | prepare_training_data:142 |   2024_Australia: 692/781 laps kept (mean: 82.5s)
2026-01-04 22:19:15 | [32mINFO[0m | [94mml.models.tire_degradation_lstm[0m | prepare_training_data:142 |   2024_Austria: 1004/1108 laps kept (mean: 71.1s)
2026-01-04 22:19:15 | [32mINFO[0m | [94mml.models.tire_degradation_lstm[0m | prepare_training_data:142 |   2024_Bahrain: 836/886 laps kept (mean: 97.0s)
2026-01-04 22:19:15 | [32mINFO[0m | [94mml.models.tire_degradation_lstm[0m | prepare_training_data:142 |   2024_Britain: 508/573 laps kept (mean: 92.3s)
2026-01-04 22:19:15 | [32mINFO[0m | [94mml.models.tire_degradation_lstm[0m | prepare_training_data:142 |   2024_China: 623/790 laps kept (mean: 101.6s)
2026-01-04 22:19:15 | [32mINFO[0m | [94mml.models.tire_degradation_lstm[0m | prepare_training_data:142 |   2024_Hungary: 1027/1068 laps kept (mean: 84.5s)
2026-01-04 22:19:15 | [32mINFO[0m | [94mml.models.tire_degradation_lstm[0m | prepare_training_data:142 |   2024_Japan: 649/686 laps kept (mean: 97.6s)
2026-01-04 22:19:15 | [32mINFO[0m | [94mml.models.tire_degradation_lstm[0m | prepare_training_data:142 |   2024_Monaco: 941/968 laps kept (mean: 79.4s)
2026-01-04 22:19:15 | [32mINFO[0m | [94mml.models.tire_degradation_lstm[0m | prepare_training_data:142 |   2024_Saudi_Arabia: 650/682 laps kept (mean: 94.4s)
2026-01-04 22:19:15 | [32mINFO[0m | [94mml.models.tire_degradation_lstm[0m | prepare_training_data:142 |   2024_Spain: 967/1032 laps kept (mean: 80.6s)
2026-01-04 22:19:15 | [32mINFO[0m | [94mml.models.tire_degradation_lstm[0m | prepare_training_data:146 | Filtered to 15824 laps (removed 1333 outliers using IQR method)
2026-01-04 22:19:15 | [32mINFO[0m | [94mml.models.tire_degradation_lstm[0m | prepare_training_data:175 | Training on 20 unique tracks: ['2023_Abu_Dhabi', '2023_Austria', '2023_Bahrain', '2023_Belgium', '2023_Britain', '2023_Hungary', '2023_Monaco', '2023_Saudi_Arabia', '2023_Spain', '2024_Abu_Dhabi', '2024_Australia', '2024_Austria', '2024_Bahrain', '2024_Britain', '2024_China', '2024_Hungary', '2024_Japan', '2024_Monaco', '2024_Saudi_Arabia', '2024_Spain']
2026-01-04 22:19:16 | [32mINFO[0m | [94mml.models.tire_degradation_lstm[0m | train:314 | Created 6610 sequences of length 10
2026-01-04 22:19:16 | [32mINFO[0m | [94mml.models.tire_degradation_lstm[0m | train:339 | Starting training...
2026-01-04 22:19:18 | [32mINFO[0m | [94mml.models.tire_degradation_lstm[0m | save_model:436 | Model saved to D:\Programming\portfolio_projects\ai-race-engineer\ml\saved_models\tire_degradation_lstm.pth
2026-01-04 22:19:18 | [32mINFO[0m | [94mml.models.tire_degradation_lstm[0m | train:382 | Epoch 1: New best model saved (val_loss: 0.0376)
2026-01-04 22:19:19 | [32mINFO[0m | [94mml.models.tire_degradation_lstm[0m | save_model:436 | Model saved to D:\Programming\portfolio_projects\ai-race-engineer\ml\saved_models\tire_degradation_lstm.pth
2026-01-04 22:19:19 | [32mINFO[0m | [94mml.models.tire_degradation_lstm[0m | train:382 | Epoch 2: New best model saved (val_loss: 0.0094)
2026-01-04 22:19:20 | [32mINFO[0m | [94mml.models.tire_degradation_lstm[0m | save_model:436 | Model saved to D:\Programming\portfolio_projects\ai-race-engineer\ml\saved_models\tire_degradation_lstm.pth
2026-01-04 22:19:20 | [32mINFO[0m | [94mml.models.tire_degradation_lstm[0m | train:382 | Epoch 3: New best model saved (val_loss: 0.0093)
2026-01-04 22:19:25 | [32mINFO[0m | [94mml.models.tire_degradation_lstm[0m | save_model:436 | Model saved to D:\Programming\portfolio_projects\ai-race-engineer\ml\saved_models\tire_degradation_lstm.pth
2026-01-04 22:19:25 | [32mINFO[0m | [94mml.models.tire_degradation_lstm[0m | train:382 | Epoch 6: New best model saved (val_loss: 0.0087)
2026-01-04 22:19:33 | [32mINFO[0m | [94mml.models.tire_degradation_lstm[0m | save_model:436 | Model saved to D:\Programming\portfolio_projects\ai-race-engineer\ml\saved_models\tire_degradation_lstm.pth
2026-01-04 22:19:33 | [32mINFO[0m | [94mml.models.tire_degradation_lstm[0m | train:382 | Epoch 9: New best model saved (val_loss: 0.0086)
2026-01-04 22:19:35 | [32mINFO[0m | [94mml.models.tire_degradation_lstm[0m | save_model:436 | Model saved to D:\Programming\portfolio_projects\ai-race-engineer\ml\saved_models\tire_degradation_lstm.pth
2026-01-04 22:19:35 | [32mINFO[0m | [94mml.models.tire_degradation_lstm[0m | train:382 | Epoch 10: New best model saved (val_loss: 0.0079)
2026-01-04 22:19:35 | [32mINFO[0m | [94mml.models.tire_degradation_lstm[0m | train:385 | Epoch 10/100 - Train Loss: 0.0301, Val Loss: 0.0079
2026-01-04 22:19:44 | [32mINFO[0m | [94mml.models.tire_degradation_lstm[0m | save_model:436 | Model saved to D:\Programming\portfolio_projects\ai-race-engineer\ml\saved_models\tire_degradation_lstm.pth
2026-01-04 22:19:44 | [32mINFO[0m | [94mml.models.tire_degradation_lstm[0m | train:382 | Epoch 17: New best model saved (val_loss: 0.0078)
2026-01-04 22:19:47 | [32mINFO[0m | [94mml.models.tire_degradation_lstm[0m | train:385 | Epoch 20/100 - Train Loss: 0.0281, Val Loss: 0.0091
2026-01-04 22:19:50 | [32mINFO[0m | [94mml.models.tire_degradation_lstm[0m | save_model:436 | Model saved to D:\Programming\portfolio_projects\ai-race-engineer\ml\saved_models\tire_degradation_lstm.pth
2026-01-04 22:19:50 | [32mINFO[0m | [94mml.models.tire_degradation_lstm[0m | train:382 | Epoch 22: New best model saved (val_loss: 0.0076)
2026-01-04 22:20:00 | [32mINFO[0m | [94mml.models.tire_degradation_lstm[0m | train:385 | Epoch 30/100 - Train Loss: 0.0272, Val Loss: 0.0082
2026-01-04 22:20:02 | [32mINFO[0m | [94mml.models.tire_degradation_lstm[0m | save_model:436 | Model saved to D:\Programming\portfolio_projects\ai-race-engineer\ml\saved_models\tire_degradation_lstm.pth
2026-01-04 22:20:02 | [32mINFO[0m | [94mml.models.tire_degradation_lstm[0m | train:382 | Epoch 31: New best model saved (val_loss: 0.0075)
2026-01-04 22:20:10 | [32mINFO[0m | [94mml.models.tire_degradation_lstm[0m | save_model:436 | Model saved to D:\Programming\portfolio_projects\ai-race-engineer\ml\saved_models\tire_degradation_lstm.pth
2026-01-04 22:20:10 | [32mINFO[0m | [94mml.models.tire_degradation_lstm[0m | train:382 | Epoch 37: New best model saved (val_loss: 0.0075)
2026-01-04 22:20:14 | [32mINFO[0m | [94mml.models.tire_degradation_lstm[0m | train:385 | Epoch 40/100 - Train Loss: 0.0268, Val Loss: 0.0079
2026-01-04 22:20:30 | [32mINFO[0m | [94mml.models.tire_degradation_lstm[0m | train:385 | Epoch 50/100 - Train Loss: 0.0256, Val Loss: 0.0079
2026-01-04 22:20:47 | [32mINFO[0m | [94mml.models.tire_degradation_lstm[0m | train:385 | Epoch 60/100 - Train Loss: 0.0253, Val Loss: 0.0079
2026-01-04 22:20:54 | [32mINFO[0m | [94mml.models.tire_degradation_lstm[0m | save_model:436 | Model saved to D:\Programming\portfolio_projects\ai-race-engineer\ml\saved_models\tire_degradation_lstm.pth
2026-01-04 22:20:54 | [32mINFO[0m | [94mml.models.tire_degradation_lstm[0m | train:382 | Epoch 65: New best model saved (val_loss: 0.0075)
2026-01-04 22:21:15 | [32mINFO[0m | [94mml.models.tire_degradation_lstm[0m | train:385 | Epoch 70/100 - Train Loss: 0.0255, Val Loss: 0.0076
2026-01-04 22:22:12 | [32mINFO[0m | [94mml.models.tire_degradation_lstm[0m | train:385 | Epoch 80/100 - Train Loss: 0.0260, Val Loss: 0.0077
2026-01-04 22:22:33 | [32mINFO[0m | [94mml.models.tire_degradation_lstm[0m | train:385 | Epoch 90/100 - Train Loss: 0.0269, Val Loss: 0.0077
2026-01-04 22:22:52 | [32mINFO[0m | [94mml.models.tire_degradation_lstm[0m | train:385 | Epoch 100/100 - Train Loss: 0.0253, Val Loss: 0.0077
2026-01-04 22:22:52 | [32mINFO[0m | [94mml.models.tire_degradation_lstm[0m | train:387 | Training complete! Best validation loss: 0.0075
2026-01-04 22:22:52 | [32mINFO[0m | [94m__main__[0m | evaluate_model:26 | Evaluating model on test set...
2026-01-04 22:22:52 | [32mINFO[0m | [94m__main__[0m | evaluate_model:29 | Loaded 4425 test laps
2026-01-04 22:22:52 | [32mINFO[0m | [94mml.models.tire_degradation_lstm[0m | prepare_test_data:216 | Test data: 3909 laps (removed 380 outliers)
2026-01-04 22:22:52 | [32mINFO[0m | [94mml.models.tire_degradation_lstm[0m | prepare_test_data:243 | Test tracks: ['2023_Britain', '2024_Hungary', '2024_Abu_Dhabi', '2024_China', '2024_Bahrain', '2024_Britain', '2023_Monaco', '2023_Austria', '2023_Abu_Dhabi', '2023_Saudi_Arabia', '2023_Spain', '2024_Monaco', '2024_Austria', '2024_Australia', '2023_Bahrain', '2023_Hungary', '2024_Japan', '2024_Saudi_Arabia', '2024_Spain']
2026-01-04 22:22:52 | [32mINFO[0m | [94m__main__[0m | evaluate_model:38 | Created 94 test sequences
2026-01-04 22:22:52 | [32mINFO[0m | [94m__main__[0m | evaluate_model:71 | 
================================================================================
2026-01-04 22:22:52 | [32mINFO[0m | [94m__main__[0m | evaluate_model:72 | TEST SET EVALUATION
2026-01-04 22:22:52 | [32mINFO[0m | [94m__main__[0m | evaluate_model:73 | ================================================================================
2026-01-04 22:22:52 | [32mINFO[0m | [94m__main__[0m | evaluate_model:74 | Mean Absolute Error (MAE): 1.2884 seconds
2026-01-04 22:22:52 | [32mINFO[0m | [94m__main__[0m | evaluate_model:75 | Root Mean Squared Error (RMSE): 2.4833 seconds
2026-01-04 22:22:52 | [32mINFO[0m | [94m__main__[0m | evaluate_model:76 | R² Score: 0.6935
2026-01-04 22:22:52 | [32mINFO[0m | [94m__main__[0m | evaluate_model:77 | Median Error: 0.9614 seconds
2026-01-04 22:22:52 | [32mINFO[0m | [94m__main__[0m | evaluate_model:78 | 90th Percentile Error: 2.4197 seconds
2026-01-04 22:22:52 | [32mINFO[0m | [94m__main__[0m | evaluate_model:79 | ================================================================================
2026-01-04 22:22:52 | [32mINFO[0m | [94m__main__[0m | main:200 | 
Generating prediction analysis plots...
2026-01-04 22:22:52 | [32mINFO[0m | [94mml.models.tire_degradation_lstm[0m | prepare_test_data:216 | Test data: 3909 laps (removed 0 outliers)
2026-01-04 22:22:52 | [32mINFO[0m | [94mml.models.tire_degradation_lstm[0m | prepare_test_data:243 | Test tracks: ['2023_Britain', '2024_Hungary', '2024_Abu_Dhabi', '2024_China', '2024_Bahrain', '2024_Britain', '2023_Monaco', '2023_Austria', '2023_Abu_Dhabi', '2023_Saudi_Arabia', '2023_Spain', '2024_Monaco', '2024_Austria', '2024_Australia', '2023_Bahrain', '2023_Hungary', '2024_Japan', '2024_Saudi_Arabia', '2024_Spain']
2026-01-04 22:22:54 | [32mINFO[0m | [94m__main__[0m | plot_predictions:145 | Prediction analysis saved to: D:\Programming\portfolio_projects\ai-race-engineer\ml\saved_models\prediction_analysis.png
2026-01-04 22:22:55 | [32mINFO[0m | [94m__main__[0m | main:216 | Training history saved to: D:\Programming\portfolio_projects\ai-race-engineer\ml\saved_models\multi_race_training_history.png
